<?xml version="1.0" encoding="UTF-8"?>
<testsuite name="TestMultiAssignment" tests="1" skipped="0" failures="0" errors="0" timestamp="2019-07-30T13:51:38" hostname="Alishans-MBP.localdomain" time="0.004">
  <properties/>
  <testcase name="testIsLeapDay" classname="TestMultiAssignment" time="0.004"/>
  <system-out><![CDATA[]]></system-out>
  <system-err><![CDATA[]]></system-err>
</testsuite>
