<?xml version="1.0" encoding="UTF-8"?>
<testsuite name="TestNamedArguments" tests="1" skipped="0" failures="0" errors="0" timestamp="2019-07-10T02:44:41" hostname="Alishans-MBP.localdomain" time="0.024">
  <properties/>
  <testcase name="testJoinToString" classname="TestNamedArguments" time="0.024"/>
  <system-out><![CDATA[]]></system-out>
  <system-err><![CDATA[]]></system-err>
</testsuite>
