<?xml version="1.0" encoding="UTF-8"?>
<testsuite name="TestSamConversions" tests="1" skipped="0" failures="0" errors="0" timestamp="2019-07-11T15:35:02" hostname="Alishans-MBP.localdomain" time="0.017">
  <properties/>
  <testcase name="testSort" classname="TestSamConversions" time="0.017"/>
  <system-out><![CDATA[]]></system-out>
  <system-err><![CDATA[]]></system-err>
</testsuite>
