<?xml version="1.0" encoding="UTF-8"?>
<testsuite name="TestRangeTo" tests="1" skipped="0" failures="0" errors="0" timestamp="2019-07-16T14:04:27" hostname="Alishans-MBP.localdomain" time="0.004">
  <properties/>
  <testcase name="testInRange" classname="TestRangeTo" time="0.004"/>
  <system-out><![CDATA[]]></system-out>
  <system-err><![CDATA[]]></system-err>
</testsuite>
